0 info it worked if it ends with ok
1 verbose cli [ 'node', '/usr/bin/npm', 'install', 'ngRoute', '--save' ]
2 info using npm@2.14.2
3 info using node@v0.10.36
4 verbose install initial load of /run/media/mojogg/dualdrive/Sync/Projects/AniMan Center/AniManNWJS/package.json
5 warn package.json AniManCenter@0.0.0 No repository field.
6 warn package.json AniManCenter@0.0.0 No README data
7 warn package.json AniManCenter@0.0.0 license should be a valid SPDX license expression
8 verbose installManyTop reading scoped package data from /run/media/mojogg/dualdrive/Sync/Projects/AniMan Center/AniManNWJS/node_modules/async/package.json
9 verbose installManyTop reading scoped package data from /run/media/mojogg/dualdrive/Sync/Projects/AniMan Center/AniManNWJS/node_modules/bower/package.json
10 verbose installManyTop reading scoped package data from /run/media/mojogg/dualdrive/Sync/Projects/AniMan Center/AniManNWJS/node_modules/express/package.json
11 verbose installManyTop reading scoped package data from /run/media/mojogg/dualdrive/Sync/Projects/AniMan Center/AniManNWJS/node_modules/grunt/package.json
12 verbose installManyTop reading scoped package data from /run/media/mojogg/dualdrive/Sync/Projects/AniMan Center/AniManNWJS/node_modules/grunt-contrib-jshint/package.json
13 verbose installManyTop reading scoped package data from /run/media/mojogg/dualdrive/Sync/Projects/AniMan Center/AniManNWJS/node_modules/grunt-contrib-nodeunit/package.json
14 verbose installManyTop reading scoped package data from /run/media/mojogg/dualdrive/Sync/Projects/AniMan Center/AniManNWJS/node_modules/grunt-contrib-uglify/package.json
15 verbose installManyTop reading scoped package data from /run/media/mojogg/dualdrive/Sync/Projects/AniMan Center/AniManNWJS/node_modules/grunt-nw-builder/package.json
16 verbose installManyTop reading scoped package data from /run/media/mojogg/dualdrive/Sync/Projects/AniMan Center/AniManNWJS/node_modules/grunt-wiredep/package.json
17 verbose installManyTop reading scoped package data from /run/media/mojogg/dualdrive/Sync/Projects/AniMan Center/AniManNWJS/node_modules/mustache/package.json
18 verbose installManyTop reading scoped package data from /run/media/mojogg/dualdrive/Sync/Projects/AniMan Center/AniManNWJS/node_modules/path/package.json
19 verbose installManyTop reading scoped package data from /run/media/mojogg/dualdrive/Sync/Projects/AniMan Center/AniManNWJS/node_modules/q/package.json
20 verbose installManyTop reading scoped package data from /run/media/mojogg/dualdrive/Sync/Projects/AniMan Center/AniManNWJS/node_modules/underscore/package.json
21 verbose installManyTop reading scoped package data from /run/media/mojogg/dualdrive/Sync/Projects/AniMan Center/AniManNWJS/node_modules/wiredep/package.json
22 info package.json bower@1.4.1 No license field.
23 info package.json grunt@0.4.5 No license field.
24 info package.json grunt-contrib-nodeunit@0.4.1 No license field.
25 info package.json grunt-contrib-jshint@0.10.0 No license field.
26 info package.json grunt-contrib-uglify@0.5.1 No license field.
27 info package.json grunt-nw-builder@2.0.0 No license field.
28 info package.json grunt-wiredep@2.0.0 No license field.
29 info package.json q@1.4.1 license should be a valid SPDX license expression
30 info package.json path@0.11.14 path is also the name of a node core module.
31 verbose readDependencies loading dependencies from /run/media/mojogg/dualdrive/Sync/Projects/AniMan Center/AniManNWJS/package.json
32 silly cache add args [ 'ngRoute', null ]
33 verbose cache add spec ngRoute
34 silly cache add parsed spec { raw: 'ngRoute',
34 silly cache add   scope: null,
34 silly cache add   name: 'ngRoute',
34 silly cache add   rawSpec: '',
34 silly cache add   spec: '*',
34 silly cache add   type: 'range' }
35 silly addNamed ngRoute@*
36 verbose addNamed "*" is a valid semver range for ngRoute
37 silly addNameRange { name: 'ngRoute', range: '*', hasData: false }
38 silly mapToRegistry name ngRoute
39 silly mapToRegistry using default registry
40 silly mapToRegistry registry https://registry.npmjs.org/
41 silly mapToRegistry uri https://registry.npmjs.org/ngRoute
42 verbose addNameRange registry:https://registry.npmjs.org/ngRoute not in flight; fetching
43 verbose request uri https://registry.npmjs.org/ngRoute
44 verbose request no auth needed
45 info attempt registry request try #1 at 16:47:50
46 verbose request id a3b5f8777718218c
47 http request GET https://registry.npmjs.org/ngRoute
48 http 404 https://registry.npmjs.org/ngRoute
49 verbose headers { 'content-type': 'application/json',
49 verbose headers   'cache-control': 'max-age=0',
49 verbose headers   'content-length': '2',
49 verbose headers   'accept-ranges': 'bytes',
49 verbose headers   date: 'Sun, 13 Sep 2015 14:47:51 GMT',
49 verbose headers   via: '1.1 varnish',
49 verbose headers   age: '0',
49 verbose headers   connection: 'keep-alive',
49 verbose headers   'x-served-by': 'cache-fra1241-FRA',
49 verbose headers   'x-cache': 'MISS',
49 verbose headers   'x-cache-hits': '0',
49 verbose headers   'x-timer': 'S1442155670.713019,VS0,VE688' }
50 silly get cb [ 404,
50 silly get   { 'content-type': 'application/json',
50 silly get     'cache-control': 'max-age=0',
50 silly get     'content-length': '2',
50 silly get     'accept-ranges': 'bytes',
50 silly get     date: 'Sun, 13 Sep 2015 14:47:51 GMT',
50 silly get     via: '1.1 varnish',
50 silly get     age: '0',
50 silly get     connection: 'keep-alive',
50 silly get     'x-served-by': 'cache-fra1241-FRA',
50 silly get     'x-cache': 'MISS',
50 silly get     'x-cache-hits': '0',
50 silly get     'x-timer': 'S1442155670.713019,VS0,VE688' } ]
51 verbose stack Error: Registry returned 404 for GET on https://registry.npmjs.org/ngRoute
51 verbose stack     at makeError (/usr/lib/node_modules/npm/node_modules/npm-registry-client/lib/request.js:263:12)
51 verbose stack     at CachingRegistryClient.<anonymous> (/usr/lib/node_modules/npm/node_modules/npm-registry-client/lib/request.js:241:14)
51 verbose stack     at Request._callback (/usr/lib/node_modules/npm/node_modules/npm-registry-client/lib/request.js:171:14)
51 verbose stack     at Request.self.callback (/usr/lib/node_modules/npm/node_modules/request/request.js:198:22)
51 verbose stack     at Request.emit (events.js:98:17)
51 verbose stack     at Request.<anonymous> (/usr/lib/node_modules/npm/node_modules/request/request.js:1073:14)
51 verbose stack     at Request.emit (events.js:117:20)
51 verbose stack     at IncomingMessage.<anonymous> (/usr/lib/node_modules/npm/node_modules/request/request.js:1019:12)
51 verbose stack     at IncomingMessage.emit (events.js:117:20)
51 verbose stack     at _stream_readable.js:944:16
52 verbose statusCode 404
53 verbose pkgid ngRoute
54 verbose cwd /run/media/mojogg/dualdrive/Sync/Projects/AniMan Center/AniManNWJS
55 error Linux 4.1.6-201.fc22.x86_64
56 error argv "node" "/usr/bin/npm" "install" "ngRoute" "--save"
57 error node v0.10.36
58 error npm  v2.14.2
59 error code E404
60 error 404 Registry returned 404 for GET on https://registry.npmjs.org/ngRoute
60 error 404
60 error 404 'ngRoute' is not in the npm registry.
60 error 404 Your package name is not valid, because
60 error 404
60 error 404  1. name can no longer contain capital letters
60 error 404 It was specified as a dependency of 'AniManCenter'
60 error 404
60 error 404 Note that you can also install from a
60 error 404 tarball, folder, http url, or git url.
61 verbose exit [ 1, true ]
